#-----------------------------------------------------------
# Vivado v2016.4 (64-bit)
# SW Build 1756540 on Mon Jan 23 19:11:23 MST 2017
# IP Build 1755317 on Mon Jan 23 20:30:07 MST 2017
# Start of session at: Wed Jul 19 00:57:46 2023
# Process ID: 32572
# Current directory: C:/Users/kulka/dsd-project
# Command line: vivado.exe -gui_launcher_event rodinguilauncherevent23884 C:\Users\kulka\dsd-project\dsd-project.xpr
# Log file: C:/Users/kulka/dsd-project/vivado.log
# Journal file: C:/Users/kulka/dsd-project\vivado.jou
#-----------------------------------------------------------
start_gui
open_project C:/Users/kulka/dsd-project/dsd-project.xpr
Scanning sources...
Finished scanning sources
INFO: [IP_Flow 19-234] Refreshing IP repositories
INFO: [IP_Flow 19-1704] No user IP repositories specified
INFO: [IP_Flow 19-2313] Loaded Vivado IP repository 'C:/Xilinx/Vivado/2016.4/data/ip'.
exit
INFO: [Common 17-206] Exiting Vivado at Wed Jul 19 00:58:31 2023...
